{
  "existingObjects": [
    "Project:table",
    "ProjectTask:table",
    "ProjectPlan:table"
  ],
  "objectsCreated": [
    "Project",
    "ProjectTask",
    "ProjectTaskDependency",
    "ProjectPlan",
    "ProjectPlanDecomposition",
    "ProjectTaskArtifact",
    "AgentWakeup",
    "CapabilityGap",
    "Skill",
    "SkillVersion",
    "SkillSource",
    "SkillEvaluationCase",
    "SkillEvaluationRun",
    "AgentSkillAssignment"
  ],
  "columnsAdded": [],
  "indexesCreated": [
    "Project_userId_phase_idx",
    "ProjectTask_projectId_status_idx",
    "ProjectTask_assignedAgent_status_idx",
    "ProjectTask_parentTaskId_idx",
    "ProjectTaskDependency_taskId_blockingTaskId_key",
    "ProjectTaskDependency_projectId_idx",
    "ProjectTaskDependency_blockingTaskId_idx",
    "ProjectPlan_projectId_revision_key",
    "ProjectPlan_projectId_status_idx",
    "ProjectPlanDecomposition_projectId_planId_key",
    "ProjectPlanDecomposition_fingerprint_idx",
    "ProjectTaskArtifact_projectId_createdAt_idx",
    "ProjectTaskArtifact_projectTaskId_idx",
    "ProjectTaskArtifact_executionRunId_idx",
    "ProjectTaskArtifact_wakeupId_idx",
    "ProjectTaskArtifact_artifactType_idx",
    "AgentWakeup_idempotencyKey_key",
    "AgentWakeup_agentKey_status_requestedAt_idx",
    "AgentWakeup_projectId_requestedAt_idx",
    "AgentWakeup_projectTaskId_idx",
    "CapabilityGap_projectId_status_idx",
    "CapabilityGap_userId_status_idx",
    "Skill_skillId_key",
    "Skill_status_idx",
    "SkillVersion_skillId_version_key",
    "SkillVersion_skillId_validationStatus_idx",
    "SkillSource_skillId_idx",
    "SkillSource_commitSha_idx",
    "SkillEvaluationCase_skillId_caseType_idx",
    "SkillEvaluationRun_skillId_createdAt_idx",
    "AgentSkillAssignment_agentKey_skillId_key",
    "AgentSkillAssignment_agentKey_status_idx"
  ],
  "verification": "passed"
}
